2019-04-20, 20:41:57,4157 [ INFO]  : JDBCUserDao.java, findByLoginAndPassword, 89 : Try to find user with login: dracula and password: 843539834f1a329ce2b49b64a9e25f0f
2019-04-20, 20:42:36,4236 [ INFO]  : CustomerNotificationPageCommand.java, execute, 21 : Try to get customer notification page
2019-04-20, 20:42:36,4236 [ INFO]  : JDBCRequestDao.java, findByUserIdAndStatus, 74 : Try to find request by user id: 69 and statuses
2019-04-20, 20:42:39,4239 [ INFO]  : CustomerNotificationPageCommand.java, execute, 21 : Try to get customer notification page
2019-04-20, 20:42:39,4239 [ INFO]  : JDBCRequestDao.java, findByUserIdAndStatus, 74 : Try to find request by user id: 69 and statuses
2019-04-20, 20:42:40,4240 [ INFO]  : CustomerNotificationPageCommand.java, execute, 21 : Try to get customer notification page
2019-04-20, 20:42:40,4240 [ INFO]  : JDBCRequestDao.java, findByUserIdAndStatus, 74 : Try to find request by user id: 69 and statuses
2019-04-20, 20:42:41,4241 [ INFO]  : CustomerNotificationPageCommand.java, execute, 21 : Try to get customer notification page
2019-04-20, 20:42:41,4241 [ INFO]  : JDBCRequestDao.java, findByUserIdAndStatus, 74 : Try to find request by user id: 69 and statuses
2019-04-20, 20:42:42,4242 [ INFO]  : CustomerNotificationPageCommand.java, execute, 21 : Try to get customer notification page
2019-04-20, 20:42:42,4242 [ INFO]  : JDBCRequestDao.java, findByUserIdAndStatus, 74 : Try to find request by user id: 69 and statuses
2019-04-20, 20:42:46,4246 [ INFO]  : JDBCRequestDao.java, findByUserIdAndStatus, 74 : Try to find request by user id: 69 and statuses
2019-04-20, 20:43:45,4345 [ INFO]  : JDBCRequestDao.java, create, 25 : Try to create new request
2019-04-20, 20:43:45,4345 [ INFO]  : JDBCRequestDao.java, findById, 57 : Try to find request by id: 76
2019-04-20, 20:43:46,4346 [ INFO]  : JDBCRequestDao.java, findByUserIdAndStatus, 74 : Try to find request by user id: 69 and statuses
2019-04-20, 20:43:57,4357 [ INFO]  : JDBCRequestDao.java, findByUserIdAndStatus, 74 : Try to find request by user id: 69 and statuses
2019-04-20, 20:44:04,444 [ INFO]  : JDBCRequestDao.java, findByUserIdAndStatus, 74 : Try to find request by user id: 69 and statuses
2019-04-20, 20:44:06,446 [ INFO]  : JDBCRequestDao.java, findByUserIdAndStatus, 74 : Try to find request by user id: 69 and statuses
2019-04-20, 20:44:46,4446 [ INFO]  : JDBCRequestDao.java, create, 25 : Try to create new request
2019-04-20, 20:44:46,4446 [ INFO]  : JDBCRequestDao.java, findById, 57 : Try to find request by id: 77
2019-04-20, 20:44:48,4448 [ INFO]  : JDBCRequestDao.java, findByUserIdAndStatus, 74 : Try to find request by user id: 69 and statuses
2019-04-20, 20:44:57,4457 [ INFO]  : CustomerNotificationPageCommand.java, execute, 21 : Try to get customer notification page
2019-04-20, 20:44:57,4457 [ INFO]  : JDBCRequestDao.java, findByUserIdAndStatus, 74 : Try to find request by user id: 69 and statuses
2019-04-20, 20:44:59,4459 [ INFO]  : CustomerNotificationPageCommand.java, execute, 21 : Try to get customer notification page
2019-04-20, 20:44:59,4459 [ INFO]  : JDBCRequestDao.java, findByUserIdAndStatus, 74 : Try to find request by user id: 69 and statuses
2019-04-20, 20:45:01,451 [ INFO]  : JDBCRequestDao.java, findByUserIdAndStatus, 74 : Try to find request by user id: 69 and statuses
2019-04-20, 20:45:05,455 [ INFO]  : JDBCRequestDao.java, findByUserIdAndStatus, 74 : Try to find request by user id: 69 and statuses
2019-04-20, 20:45:17,4517 [ INFO]  : JDBCUserDao.java, findByLoginAndPassword, 89 : Try to find user with login: anna and password: 00d0241668ddb04c536a7392462d6811
2019-04-20, 20:45:36,4536 [ INFO]  : FindCustomerCommand.java, execute, 28 : Try to find customer
2019-04-20, 20:45:36,4536 [ INFO]  : JDBCUserDao.java, findById, 57 : Try to find user by id: 87
2019-04-20, 20:45:36,4536 [ WARN]  : JDBCUserDao.java, findById, 66 : Error while finding user with id: 87
java.sql.SQLException: Illegal operation on empty result set.
	at com.mysql.jdbc.SQLError.createSQLException(SQLError.java:965)
	at com.mysql.jdbc.SQLError.createSQLException(SQLError.java:898)
	at com.mysql.jdbc.SQLError.createSQLException(SQLError.java:887)
	at com.mysql.jdbc.SQLError.createSQLException(SQLError.java:861)
	at com.mysql.jdbc.ResultSetImpl.checkRowPos(ResultSetImpl.java:790)
	at com.mysql.jdbc.ResultSetImpl.getInt(ResultSetImpl.java:2475)
	at com.mysql.jdbc.ResultSetImpl.getInt(ResultSetImpl.java:2570)
	at org.apache.commons.dbcp.DelegatingResultSet.getInt(DelegatingResultSet.java:275)
	at org.apache.commons.dbcp.DelegatingResultSet.getInt(DelegatingResultSet.java:275)
	at ua.training.model.dao.mapper.UserMapper.extract(UserMapper.java:14)
	at ua.training.model.dao.mapper.UserMapper.extract(UserMapper.java:10)
	at ua.training.model.dao.impl.jdbc.JDBCUserDao.findById(JDBCUserDao.java:64)
	at ua.training.model.dao.impl.jdbc.JDBCUserDao.findById(JDBCUserDao.java:12)
	at ua.training.model.service.manager.ManagerServiceImpl.findCustomerById(ManagerServiceImpl.java:59)
	at ua.training.controller.commands.manager.FindCustomerCommand.getCustomerFromDb(FindCustomerCommand.java:46)
	at ua.training.controller.commands.manager.FindCustomerCommand.execute(FindCustomerCommand.java:38)
	at ua.training.controller.WorkshopServlet.processUser(WorkshopServlet.java:36)
	at ua.training.controller.WorkshopServlet.doPost(WorkshopServlet.java:30)
	at javax.servlet.http.HttpServlet.service(HttpServlet.java:661)
	at javax.servlet.http.HttpServlet.service(HttpServlet.java:742)
	at org.apache.catalina.core.ApplicationFilterChain.internalDoFilter(ApplicationFilterChain.java:231)
	at org.apache.catalina.core.ApplicationFilterChain.doFilter(ApplicationFilterChain.java:166)
	at org.apache.tomcat.websocket.server.WsFilter.doFilter(WsFilter.java:52)
	at org.apache.catalina.core.ApplicationFilterChain.internalDoFilter(ApplicationFilterChain.java:193)
	at org.apache.catalina.core.ApplicationFilterChain.doFilter(ApplicationFilterChain.java:166)
	at ua.training.controller.filter.AuthenticationFilter.doFilter(AuthenticationFilter.java:32)
	at org.apache.catalina.core.ApplicationFilterChain.internalDoFilter(ApplicationFilterChain.java:193)
	at org.apache.catalina.core.ApplicationFilterChain.doFilter(ApplicationFilterChain.java:166)
	at ua.training.controller.filter.URLFilter.doFilter(URLFilter.java:29)
	at org.apache.catalina.core.ApplicationFilterChain.internalDoFilter(ApplicationFilterChain.java:193)
	at org.apache.catalina.core.ApplicationFilterChain.doFilter(ApplicationFilterChain.java:166)
	at ua.training.controller.filter.LocaleFilter.doFilter(LocaleFilter.java:38)
	at org.apache.catalina.core.ApplicationFilterChain.internalDoFilter(ApplicationFilterChain.java:193)
	at org.apache.catalina.core.ApplicationFilterChain.doFilter(ApplicationFilterChain.java:166)
	at ua.training.controller.filter.EncodingFilter.doFilter(EncodingFilter.java:29)
	at org.apache.catalina.core.ApplicationFilterChain.internalDoFilter(ApplicationFilterChain.java:193)
	at org.apache.catalina.core.ApplicationFilterChain.doFilter(ApplicationFilterChain.java:166)
	at org.apache.catalina.core.StandardWrapperValve.invoke(StandardWrapperValve.java:199)
	at org.apache.catalina.core.StandardContextValve.invoke(StandardContextValve.java:96)
	at org.apache.catalina.authenticator.AuthenticatorBase.invoke(AuthenticatorBase.java:493)
	at org.apache.catalina.core.StandardHostValve.invoke(StandardHostValve.java:140)
	at org.apache.catalina.valves.ErrorReportValve.invoke(ErrorReportValve.java:81)
	at org.apache.catalina.valves.AbstractAccessLogValve.invoke(AbstractAccessLogValve.java:650)
	at org.apache.catalina.core.StandardEngineValve.invoke(StandardEngineValve.java:87)
	at org.apache.catalina.connector.CoyoteAdapter.service(CoyoteAdapter.java:342)
	at org.apache.coyote.http11.Http11Processor.service(Http11Processor.java:800)
	at org.apache.coyote.AbstractProcessorLight.process(AbstractProcessorLight.java:66)
	at org.apache.coyote.AbstractProtocol$ConnectionHandler.process(AbstractProtocol.java:806)
	at org.apache.tomcat.util.net.NioEndpoint$SocketProcessor.doRun(NioEndpoint.java:1498)
	at org.apache.tomcat.util.net.SocketProcessorBase.run(SocketProcessorBase.java:49)
	at java.util.concurrent.ThreadPoolExecutor.runWorker(ThreadPoolExecutor.java:1149)
	at java.util.concurrent.ThreadPoolExecutor$Worker.run(ThreadPoolExecutor.java:624)
	at org.apache.tomcat.util.threads.TaskThread$WrappingRunnable.run(TaskThread.java:61)
	at java.lang.Thread.run(Thread.java:748)
2019-04-20, 20:45:36,4536 [ WARN]  : FindCustomerCommand.java, getCustomerFromDb, 50 : Customer is not found
2019-04-20, 20:45:40,4540 [ INFO]  : FindCustomerCommand.java, execute, 28 : Try to find customer
2019-04-20, 20:45:40,4540 [ INFO]  : JDBCUserDao.java, findById, 57 : Try to find user by id: 67
2019-04-20, 20:45:40,4540 [ WARN]  : JDBCUserDao.java, findById, 66 : Error while finding user with id: 67
java.sql.SQLException: Illegal operation on empty result set.
	at com.mysql.jdbc.SQLError.createSQLException(SQLError.java:965)
	at com.mysql.jdbc.SQLError.createSQLException(SQLError.java:898)
	at com.mysql.jdbc.SQLError.createSQLException(SQLError.java:887)
	at com.mysql.jdbc.SQLError.createSQLException(SQLError.java:861)
	at com.mysql.jdbc.ResultSetImpl.checkRowPos(ResultSetImpl.java:790)
	at com.mysql.jdbc.ResultSetImpl.getInt(ResultSetImpl.java:2475)
	at com.mysql.jdbc.ResultSetImpl.getInt(ResultSetImpl.java:2570)
	at org.apache.commons.dbcp.DelegatingResultSet.getInt(DelegatingResultSet.java:275)
	at org.apache.commons.dbcp.DelegatingResultSet.getInt(DelegatingResultSet.java:275)
	at ua.training.model.dao.mapper.UserMapper.extract(UserMapper.java:14)
	at ua.training.model.dao.mapper.UserMapper.extract(UserMapper.java:10)
	at ua.training.model.dao.impl.jdbc.JDBCUserDao.findById(JDBCUserDao.java:64)
	at ua.training.model.dao.impl.jdbc.JDBCUserDao.findById(JDBCUserDao.java:12)
	at ua.training.model.service.manager.ManagerServiceImpl.findCustomerById(ManagerServiceImpl.java:59)
	at ua.training.controller.commands.manager.FindCustomerCommand.getCustomerFromDb(FindCustomerCommand.java:46)
	at ua.training.controller.commands.manager.FindCustomerCommand.execute(FindCustomerCommand.java:38)
	at ua.training.controller.WorkshopServlet.processUser(WorkshopServlet.java:36)
	at ua.training.controller.WorkshopServlet.doPost(WorkshopServlet.java:30)
	at javax.servlet.http.HttpServlet.service(HttpServlet.java:661)
	at javax.servlet.http.HttpServlet.service(HttpServlet.java:742)
	at org.apache.catalina.core.ApplicationFilterChain.internalDoFilter(ApplicationFilterChain.java:231)
	at org.apache.catalina.core.ApplicationFilterChain.doFilter(ApplicationFilterChain.java:166)
	at org.apache.tomcat.websocket.server.WsFilter.doFilter(WsFilter.java:52)
	at org.apache.catalina.core.ApplicationFilterChain.internalDoFilter(ApplicationFilterChain.java:193)
	at org.apache.catalina.core.ApplicationFilterChain.doFilter(ApplicationFilterChain.java:166)
	at ua.training.controller.filter.AuthenticationFilter.doFilter(AuthenticationFilter.java:32)
	at org.apache.catalina.core.ApplicationFilterChain.internalDoFilter(ApplicationFilterChain.java:193)
	at org.apache.catalina.core.ApplicationFilterChain.doFilter(ApplicationFilterChain.java:166)
	at ua.training.controller.filter.URLFilter.doFilter(URLFilter.java:29)
	at org.apache.catalina.core.ApplicationFilterChain.internalDoFilter(ApplicationFilterChain.java:193)
	at org.apache.catalina.core.ApplicationFilterChain.doFilter(ApplicationFilterChain.java:166)
	at ua.training.controller.filter.LocaleFilter.doFilter(LocaleFilter.java:38)
	at org.apache.catalina.core.ApplicationFilterChain.internalDoFilter(ApplicationFilterChain.java:193)
	at org.apache.catalina.core.ApplicationFilterChain.doFilter(ApplicationFilterChain.java:166)
	at ua.training.controller.filter.EncodingFilter.doFilter(EncodingFilter.java:29)
	at org.apache.catalina.core.ApplicationFilterChain.internalDoFilter(ApplicationFilterChain.java:193)
	at org.apache.catalina.core.ApplicationFilterChain.doFilter(ApplicationFilterChain.java:166)
	at org.apache.catalina.core.StandardWrapperValve.invoke(StandardWrapperValve.java:199)
	at org.apache.catalina.core.StandardContextValve.invoke(StandardContextValve.java:96)
	at org.apache.catalina.authenticator.AuthenticatorBase.invoke(AuthenticatorBase.java:493)
	at org.apache.catalina.core.StandardHostValve.invoke(StandardHostValve.java:140)
	at org.apache.catalina.valves.ErrorReportValve.invoke(ErrorReportValve.java:81)
	at org.apache.catalina.valves.AbstractAccessLogValve.invoke(AbstractAccessLogValve.java:650)
	at org.apache.catalina.core.StandardEngineValve.invoke(StandardEngineValve.java:87)
	at org.apache.catalina.connector.CoyoteAdapter.service(CoyoteAdapter.java:342)
	at org.apache.coyote.http11.Http11Processor.service(Http11Processor.java:800)
	at org.apache.coyote.AbstractProcessorLight.process(AbstractProcessorLight.java:66)
	at org.apache.coyote.AbstractProtocol$ConnectionHandler.process(AbstractProtocol.java:806)
	at org.apache.tomcat.util.net.NioEndpoint$SocketProcessor.doRun(NioEndpoint.java:1498)
	at org.apache.tomcat.util.net.SocketProcessorBase.run(SocketProcessorBase.java:49)
	at java.util.concurrent.ThreadPoolExecutor.runWorker(ThreadPoolExecutor.java:1149)
	at java.util.concurrent.ThreadPoolExecutor$Worker.run(ThreadPoolExecutor.java:624)
	at org.apache.tomcat.util.threads.TaskThread$WrappingRunnable.run(TaskThread.java:61)
	at java.lang.Thread.run(Thread.java:748)
2019-04-20, 20:45:40,4540 [ WARN]  : FindCustomerCommand.java, getCustomerFromDb, 50 : Customer is not found
2019-04-20, 20:45:42,4542 [ INFO]  : FindCustomerCommand.java, execute, 28 : Try to find customer
2019-04-20, 20:45:42,4542 [ WARN]  : FindCustomerCommand.java, execute, 35 : Wrong customer id format
2019-04-20, 20:45:49,4549 [ INFO]  : NewRequestsCommand.java, execute, 26 : Try to get new requests
2019-04-20, 20:45:49,4549 [ INFO]  : JDBCRequestDao.java, findRequestByStatus, 92 : Try to find requests by statuses
2019-04-20, 20:46:00,460 [ INFO]  : NewRequestsCommand.java, execute, 26 : Try to get new requests
2019-04-20, 20:46:00,460 [ INFO]  : JDBCRequestDao.java, findRequestByStatus, 92 : Try to find requests by statuses
2019-04-20, 20:46:16,4616 [ INFO]  : DeclineRequestCommand.java, execute, 27 : Try to decline request
2019-04-20, 20:46:16,4616 [ INFO]  : JDBCRequestDao.java, updateAcceptedOrDeclined, 124 : Try to update accepted or declined request
2019-04-20, 20:46:16,4616 [ INFO]  : NewRequestsCommand.java, execute, 26 : Try to get new requests
2019-04-20, 20:46:16,4616 [ INFO]  : JDBCRequestDao.java, findRequestByStatus, 92 : Try to find requests by statuses
2019-04-20, 20:46:44,4644 [ INFO]  : AcceptRequestCommand.java, execute, 31 : Try to accept request
2019-04-20, 20:46:44,4644 [ INFO]  : JDBCRequestDao.java, updateAcceptedOrDeclined, 124 : Try to update accepted or declined request
2019-04-20, 20:46:44,4644 [ INFO]  : NewRequestsCommand.java, execute, 26 : Try to get new requests
2019-04-20, 20:46:44,4644 [ INFO]  : JDBCRequestDao.java, findRequestByStatus, 92 : Try to find requests by statuses
2019-04-20, 20:46:47,4647 [ INFO]  : NewRequestsCommand.java, execute, 26 : Try to get new requests
2019-04-20, 20:46:47,4647 [ INFO]  : JDBCRequestDao.java, findRequestByStatus, 92 : Try to find requests by statuses
2019-04-20, 20:47:16,4716 [ INFO]  : FindCustomerCommand.java, execute, 28 : Try to find customer
2019-04-20, 20:47:16,4716 [ INFO]  : JDBCUserDao.java, findById, 57 : Try to find user by id: 69
2019-04-20, 20:47:34,4734 [ INFO]  : FindCustomerCommand.java, execute, 28 : Try to find customer
2019-04-20, 20:47:34,4734 [ INFO]  : JDBCUserDao.java, findById, 57 : Try to find user by id: 69
2019-04-20, 20:47:36,4736 [ INFO]  : FindCustomerFeedbacksCommand.java, execute, 26 : Try to find customer feedback
2019-04-20, 20:47:36,4736 [ INFO]  : JDBCFeedbackDao.java, findBy, 97 : Try to find feedbacks by passed parameter
2019-04-20, 20:47:43,4743 [ INFO]  : NewRequestsCommand.java, execute, 26 : Try to get new requests
2019-04-20, 20:47:43,4743 [ INFO]  : JDBCRequestDao.java, findRequestByStatus, 92 : Try to find requests by statuses
2019-04-20, 20:47:45,4745 [ INFO]  : NewRequestsCommand.java, execute, 26 : Try to get new requests
2019-04-20, 20:47:45,4745 [ INFO]  : JDBCRequestDao.java, findRequestByStatus, 92 : Try to find requests by statuses
2019-04-20, 20:47:50,4750 [ INFO]  : FindCustomerCommand.java, execute, 28 : Try to find customer
2019-04-20, 20:47:50,4750 [ INFO]  : JDBCUserDao.java, findById, 57 : Try to find user by id: 69
2019-04-20, 20:47:52,4752 [ INFO]  : FindCustomerFeedbacksCommand.java, execute, 26 : Try to find customer feedback
2019-04-20, 20:47:52,4752 [ INFO]  : JDBCFeedbackDao.java, findBy, 97 : Try to find feedbacks by passed parameter
2019-04-20, 20:49:18,4918 [ INFO]  : FindCustomerCommand.java, execute, 28 : Try to find customer
2019-04-20, 20:49:18,4918 [ INFO]  : JDBCUserDao.java, findById, 57 : Try to find user by id: 69
2019-04-20, 20:49:24,4924 [ INFO]  : FindCustomerFeedbacksCommand.java, execute, 26 : Try to find customer feedback
2019-04-20, 20:49:24,4924 [ INFO]  : JDBCFeedbackDao.java, findBy, 97 : Try to find feedbacks by passed parameter
2019-04-20, 20:52:22,5222 [ INFO]  : JDBCUserDao.java, findByLoginAndPassword, 89 : Try to find user with login: anna and password: 00d0241668ddb04c536a7392462d6811
2019-04-20, 20:52:25,5225 [ INFO]  : NewRequestsCommand.java, execute, 26 : Try to get new requests
2019-04-20, 20:52:25,5225 [ INFO]  : JDBCRequestDao.java, findRequestByStatus, 92 : Try to find requests by statuses
2019-04-20, 20:52:30,5230 [ INFO]  : NewRequestsCommand.java, execute, 26 : Try to get new requests
2019-04-20, 20:52:30,5230 [ INFO]  : JDBCRequestDao.java, findRequestByStatus, 92 : Try to find requests by statuses
2019-04-20, 20:52:38,5238 [ INFO]  : FindCustomerCommand.java, execute, 28 : Try to find customer
2019-04-20, 20:52:38,5238 [ INFO]  : JDBCUserDao.java, findById, 57 : Try to find user by id: 69
2019-04-20, 20:52:40,5240 [ INFO]  : FindCustomerFeedbacksCommand.java, execute, 26 : Try to find customer feedback
2019-04-20, 20:52:40,5240 [ INFO]  : JDBCFeedbackDao.java, findBy, 97 : Try to find feedbacks by passed parameter
2019-04-20, 20:52:49,5249 [ INFO]  : JDBCUserDao.java, findByLoginAndPassword, 89 : Try to find user with login: dr.will and password: 4964f8738e5935cd636e09f0ea5dc123
2019-04-20, 20:53:05,535 [ WARN]  : LoginCommand.java, execute, 37 : Entering system with invalid data
2019-04-20, 20:53:12,5312 [ WARN]  : LoginCommand.java, execute, 37 : Entering system with invalid data
2019-04-20, 20:53:20,5320 [ INFO]  : JDBCUserDao.java, findByLoginAndPassword, 89 : Try to find user with login: dr.will and password: 4964f8738e5935cd636e09f0ea5dc123
2019-04-20, 20:53:22,5322 [ INFO]  : GetAcceptedCommand.java, execute, 26 : Try to get accepted requests
2019-04-20, 20:53:22,5322 [ INFO]  : JDBCRequestDao.java, findByUserIdAndStatus, 74 : Try to find request by user id: 3 and statuses
2019-04-20, 20:53:24,5324 [ INFO]  : GetAcceptedCommand.java, execute, 26 : Try to get accepted requests
2019-04-20, 20:53:24,5324 [ INFO]  : JDBCRequestDao.java, findByUserIdAndStatus, 74 : Try to find request by user id: 3 and statuses
2019-04-20, 20:53:25,5325 [ INFO]  : GetAcceptedCommand.java, execute, 26 : Try to get accepted requests
2019-04-20, 20:53:25,5325 [ INFO]  : JDBCRequestDao.java, findByUserIdAndStatus, 74 : Try to find request by user id: 3 and statuses
2019-04-20, 20:53:27,5327 [ INFO]  : GetAcceptedCommand.java, execute, 26 : Try to get accepted requests
2019-04-20, 20:53:27,5327 [ INFO]  : JDBCRequestDao.java, findByUserIdAndStatus, 74 : Try to find request by user id: 3 and statuses
2019-04-20, 20:53:31,5331 [ INFO]  : RequestsToProcessCommand.java, execute, 26 : Try to get requests to precess
2019-04-20, 20:53:31,5331 [ INFO]  : JDBCRequestDao.java, findRequestByStatus, 92 : Try to find requests by statuses
2019-04-20, 20:53:40,5340 [ INFO]  : RequestsToProcessCommand.java, execute, 26 : Try to get requests to precess
2019-04-20, 20:53:40,5340 [ INFO]  : JDBCRequestDao.java, findRequestByStatus, 92 : Try to find requests by statuses
2019-04-20, 20:53:56,5356 [ INFO]  : GetAcceptedCommand.java, execute, 26 : Try to get accepted requests
2019-04-20, 20:53:56,5356 [ INFO]  : JDBCRequestDao.java, findByUserIdAndStatus, 74 : Try to find request by user id: 3 and statuses
2019-04-20, 20:58:27,5827 [ INFO]  : JDBCUserDao.java, findByLoginAndPassword, 89 : Try to find user with login: dr.will and password: 4964f8738e5935cd636e09f0ea5dc123
2019-04-20, 20:58:34,5834 [ INFO]  : GetAcceptedCommand.java, execute, 26 : Try to get accepted requests
2019-04-20, 20:58:34,5834 [ INFO]  : JDBCRequestDao.java, findByUserIdAndStatus, 74 : Try to find request by user id: 3 and statuses
2019-04-20, 20:58:36,5836 [ INFO]  : GetAcceptedCommand.java, execute, 26 : Try to get accepted requests
2019-04-20, 20:58:36,5836 [ INFO]  : JDBCRequestDao.java, findByUserIdAndStatus, 74 : Try to find request by user id: 3 and statuses
2019-04-20, 20:58:38,5838 [ INFO]  : GetAcceptedCommand.java, execute, 26 : Try to get accepted requests
2019-04-20, 20:58:38,5838 [ INFO]  : JDBCRequestDao.java, findByUserIdAndStatus, 74 : Try to find request by user id: 3 and statuses
2019-04-20, 20:58:39,5839 [ INFO]  : RequestsToProcessCommand.java, execute, 26 : Try to get requests to precess
2019-04-20, 20:58:39,5839 [ INFO]  : JDBCRequestDao.java, findRequestByStatus, 92 : Try to find requests by statuses
2019-04-20, 20:58:41,5841 [ INFO]  : GetAcceptedCommand.java, execute, 26 : Try to get accepted requests
2019-04-20, 20:58:41,5841 [ INFO]  : JDBCRequestDao.java, findByUserIdAndStatus, 74 : Try to find request by user id: 3 and statuses
2019-04-20, 20:59:57,5957 [ INFO]  : JDBCUserDao.java, findByLoginAndPassword, 89 : Try to find user with login: dr.will and password: 4964f8738e5935cd636e09f0ea5dc123
2019-04-20, 20:59:59,5959 [ INFO]  : GetAcceptedCommand.java, execute, 26 : Try to get accepted requests
2019-04-20, 20:59:59,5959 [ INFO]  : JDBCRequestDao.java, findByUserIdAndStatus, 74 : Try to find request by user id: 3 and statuses
2019-04-20, 21:00:03,03 [ INFO]  : GetAcceptedCommand.java, execute, 26 : Try to get accepted requests
2019-04-20, 21:00:03,03 [ INFO]  : JDBCRequestDao.java, findByUserIdAndStatus, 74 : Try to find request by user id: 3 and statuses
2019-04-20, 21:00:05,05 [ INFO]  : RequestsToProcessCommand.java, execute, 26 : Try to get requests to precess
2019-04-20, 21:00:05,05 [ INFO]  : JDBCRequestDao.java, findRequestByStatus, 92 : Try to find requests by statuses
2019-04-20, 21:00:07,07 [ INFO]  : ProcessRequestCommand.java, execute, 23 : Try to accept requests by master
2019-04-20, 21:00:07,07 [ INFO]  : JDBCRequestDao.java, updateAcceptedByMaster, 142 : Try to update request accepted by master
2019-04-20, 21:00:07,07 [ INFO]  : RequestsToProcessCommand.java, execute, 26 : Try to get requests to precess
2019-04-20, 21:00:07,07 [ INFO]  : JDBCRequestDao.java, findRequestByStatus, 92 : Try to find requests by statuses
2019-04-20, 21:00:09,09 [ INFO]  : GetAcceptedCommand.java, execute, 26 : Try to get accepted requests
2019-04-20, 21:00:09,09 [ INFO]  : JDBCRequestDao.java, findByUserIdAndStatus, 74 : Try to find request by user id: 3 and statuses
2019-04-20, 21:00:27,027 [ INFO]  : JDBCUserDao.java, findByLoginAndPassword, 89 : Try to find user with login: dracula and password: 843539834f1a329ce2b49b64a9e25f0f
2019-04-20, 21:00:30,030 [ INFO]  : JDBCRequestDao.java, findByUserIdAndStatus, 74 : Try to find request by user id: 69 and statuses
2019-04-20, 21:00:38,038 [ INFO]  : CustomerNotificationPageCommand.java, execute, 21 : Try to get customer notification page
2019-04-20, 21:00:38,038 [ INFO]  : JDBCRequestDao.java, findByUserIdAndStatus, 74 : Try to find request by user id: 69 and statuses
2019-04-20, 21:00:57,057 [ INFO]  : CustomerNotificationPageCommand.java, execute, 21 : Try to get customer notification page
2019-04-20, 21:00:57,057 [ INFO]  : JDBCRequestDao.java, findByUserIdAndStatus, 74 : Try to find request by user id: 69 and statuses
2019-04-20, 21:01:00,10 [ INFO]  : JDBCRequestDao.java, findByUserIdAndStatus, 74 : Try to find request by user id: 69 and statuses
2019-04-20, 21:01:03,13 [ INFO]  : JDBCRequestDao.java, findByUserIdAndStatus, 74 : Try to find request by user id: 69 and statuses
2019-04-20, 21:01:31,131 [ INFO]  : RegistrationCommand.java, execute, 31 : Try to register new user
2019-04-20, 21:08:19,819 [ INFO]  : JDBCUserDao.java, findByLoginAndPassword, 89 : Try to find user with login: ds and password: d4b2758da0205c1e0aa9512cd188002a
2019-04-20, 21:08:19,819 [ WARN]  : JDBCUserDao.java, findByLoginAndPassword, 99 : Error while finding user with login: ds and password: d4b2758da0205c1e0aa9512cd188002a
2019-04-20, 21:08:19,819 [ WARN]  : LoginCommand.java, getUserFromDB, 57 : User is not found
2019-04-20, 21:08:36,836 [ WARN]  : LoginCommand.java, execute, 37 : Entering system with invalid data
2019-04-20, 21:08:59,859 [ WARN]  : LoginCommand.java, execute, 37 : Entering system with invalid data
2019-04-20, 21:09:10,910 [ WARN]  : LoginCommand.java, execute, 37 : Entering system with invalid data
2019-04-20, 21:09:24,924 [ WARN]  : LoginCommand.java, execute, 37 : Entering system with invalid data
2019-04-20, 21:10:27,1027 [ INFO]  : JDBCUserDao.java, findByLoginAndPassword, 89 : Try to find user with login: dracula and password: 843539834f1a329ce2b49b64a9e25f0f
2019-04-20, 21:10:29,1029 [ INFO]  : CustomerNotificationPageCommand.java, execute, 21 : Try to get customer notification page
2019-04-20, 21:10:29,1029 [ INFO]  : JDBCRequestDao.java, findByUserIdAndStatus, 74 : Try to find request by user id: 69 and statuses
2019-04-20, 21:10:30,1030 [ INFO]  : JDBCRequestDao.java, findByUserIdAndStatus, 74 : Try to find request by user id: 69 and statuses
2019-04-20, 21:10:34,1034 [ INFO]  : JDBCRequestDao.java, findByUserIdAndStatus, 74 : Try to find request by user id: 69 and statuses
2019-04-20, 21:19:11,1911 [ INFO]  : JDBCUserDao.java, findByLoginAndPassword, 89 : Try to find user with login: dr.will and password: 4964f8738e5935cd636e09f0ea5dc123
2019-04-20, 21:19:13,1913 [ INFO]  : GetAcceptedCommand.java, execute, 26 : Try to get accepted requests
2019-04-20, 21:19:13,1913 [ INFO]  : JDBCRequestDao.java, findByUserIdAndStatus, 74 : Try to find request by user id: 3 and statuses
2019-04-20, 21:19:15,1915 [ INFO]  : CloseRequestCommand.java, execute, 19 : Try to close request
2019-04-20, 21:19:15,1915 [ INFO]  : JDBCRequestDao.java, updateStatusById, 109 : Try to update request status by id: 77
2019-04-20, 21:19:15,1915 [ INFO]  : GetAcceptedCommand.java, execute, 26 : Try to get accepted requests
2019-04-20, 21:19:15,1915 [ INFO]  : JDBCRequestDao.java, findByUserIdAndStatus, 74 : Try to find request by user id: 3 and statuses
2019-04-20, 21:19:17,1917 [ INFO]  : RequestsToProcessCommand.java, execute, 26 : Try to get requests to precess
2019-04-20, 21:19:17,1917 [ INFO]  : JDBCRequestDao.java, findRequestByStatus, 92 : Try to find requests by statuses
2019-04-20, 21:19:19,1919 [ INFO]  : ProcessRequestCommand.java, execute, 23 : Try to accept requests by master
2019-04-20, 21:19:19,1919 [ INFO]  : JDBCRequestDao.java, updateAcceptedByMaster, 142 : Try to update request accepted by master
2019-04-20, 21:19:19,1919 [ INFO]  : RequestsToProcessCommand.java, execute, 26 : Try to get requests to precess
2019-04-20, 21:19:19,1919 [ INFO]  : JDBCRequestDao.java, findRequestByStatus, 92 : Try to find requests by statuses
2019-04-20, 21:19:21,1921 [ INFO]  : GetAcceptedCommand.java, execute, 26 : Try to get accepted requests
2019-04-20, 21:19:21,1921 [ INFO]  : JDBCRequestDao.java, findByUserIdAndStatus, 74 : Try to find request by user id: 3 and statuses
2019-04-20, 21:19:38,1938 [ INFO]  : JDBCUserDao.java, findByLoginAndPassword, 89 : Try to find user with login: dracula and password: 843539834f1a329ce2b49b64a9e25f0f
2019-04-20, 21:19:40,1940 [ INFO]  : CustomerNotificationPageCommand.java, execute, 21 : Try to get customer notification page
2019-04-20, 21:19:40,1940 [ INFO]  : JDBCRequestDao.java, findByUserIdAndStatus, 74 : Try to find request by user id: 69 and statuses
2019-04-20, 21:19:41,1941 [ INFO]  : JDBCRequestDao.java, findByUserIdAndStatus, 74 : Try to find request by user id: 69 and statuses
2019-04-20, 21:19:45,1945 [ INFO]  : JDBCRequestDao.java, findByUserIdAndStatus, 74 : Try to find request by user id: 69 and statuses
2019-04-20, 21:19:46,1946 [ INFO]  : CustomerNotificationPageCommand.java, execute, 21 : Try to get customer notification page
2019-04-20, 21:19:46,1946 [ INFO]  : JDBCRequestDao.java, findByUserIdAndStatus, 74 : Try to find request by user id: 69 and statuses
2019-04-20, 21:20:00,200 [ INFO]  : LeaveFeedbackCommand.java, execute, 27 : Try to leave feedback
2019-04-20, 21:20:00,200 [ INFO]  : JDBCFeedbackDao.java, createAndSetToRequest, 61 : Trying to create new feedback and bind it with relative request
2019-04-20, 21:20:00,200 [ INFO]  : JDBCFeedbackDao.java, findById, 29 : Try to find feedback by id: 14
2019-04-20, 21:20:00,200 [ INFO]  : JDBCRequestDao.java, moveRequestToArchive, 158 : Try to move request to archive
2019-04-20, 21:20:00,200 [ INFO]  : JDBCRequestDao.java, delete, 186 : Try to delete request by id: 77
2019-04-20, 21:20:00,200 [ INFO]  : CustomerNotificationPageCommand.java, execute, 21 : Try to get customer notification page
2019-04-20, 21:20:00,200 [ INFO]  : JDBCRequestDao.java, findByUserIdAndStatus, 74 : Try to find request by user id: 69 and statuses
2019-04-20, 21:20:04,204 [ INFO]  : CustomerNotificationPageCommand.java, execute, 21 : Try to get customer notification page
2019-04-20, 21:20:04,204 [ INFO]  : JDBCRequestDao.java, findByUserIdAndStatus, 74 : Try to find request by user id: 69 and statuses
2019-04-20, 21:20:05,205 [ INFO]  : JDBCRequestDao.java, findByUserIdAndStatus, 74 : Try to find request by user id: 69 and statuses
2019-04-20, 21:25:00,250 [ WARN]  : LoginCommand.java, execute, 37 : Entering system with invalid data
2019-04-20, 21:25:01,251 [ INFO]  : JDBCUserDao.java, findByLoginAndPassword, 89 : Try to find user with login: anna and password: 12anna
2019-04-20, 21:25:10,2510 [ WARN]  : LoginCommand.java, execute, 37 : Entering system with invalid data
2019-04-20, 21:25:10,2510 [ INFO]  : JDBCUserDao.java, findByLoginAndPassword, 89 : Try to find user with login: anna and password: 12anna
2019-04-20, 21:38:50,3850 [ WARN]  : LoginCommand.java, execute, 37 : Entering system with invalid data
2019-04-20, 21:38:50,3850 [ INFO]  : JDBCUserDao.java, findByLoginAndPassword, 89 : Try to find user with login: anna and password: 12anna
2019-04-20, 21:39:11,3911 [ WARN]  : LoginCommand.java, execute, 37 : Entering system with invalid data
2019-04-20, 21:39:11,3911 [ INFO]  : JDBCUserDao.java, findByLoginAndPassword, 89 : Try to find user with login: anna and password: 12anna
2019-04-20, 22:35:23,3523 [ WARN]  : LoginCommand.java, execute, 37 : Entering system with invalid data
2019-04-20, 22:35:24,3524 [ INFO]  : JDBCUserDao.java, findByLoginAndPassword, 89 : Try to find user with login: anna and password: 12anna
2019-04-20, 22:41:54,4154 [ WARN]  : LoginCommand.java, execute, 37 : Entering system with invalid data
2019-04-20, 22:41:55,4155 [ INFO]  : JDBCUserDao.java, findByLoginAndPassword, 89 : Try to find user with login: anna and password: 12anna
2019-04-20, 22:46:44,4644 [ WARN]  : LoginCommand.java, execute, 37 : Entering system with invalid data
2019-04-20, 22:46:44,4644 [ INFO]  : JDBCUserDao.java, findByLoginAndPassword, 89 : Try to find user with login: anna and password: 12anna
2019-04-20, 23:24:56,2456 [ WARN]  : LoginCommand.java, execute, 37 : Entering system with invalid data
2019-04-20, 23:24:57,2457 [ INFO]  : JDBCUserDao.java, findByLoginAndPassword, 89 : Try to find user with login: anna and password: 12anna
2019-04-20, 23:25:30,2530 [ WARN]  : LoginCommand.java, execute, 37 : Entering system with invalid data
2019-04-20, 23:25:30,2530 [ INFO]  : JDBCUserDao.java, findByLoginAndPassword, 89 : Try to find user with login: anna and password: 12anna
2019-04-20, 23:37:33,3733 [ WARN]  : LoginCommand.java, execute, 37 : Entering system with invalid data
2019-04-20, 23:37:34,3734 [ INFO]  : JDBCUserDao.java, findByLoginAndPassword, 89 : Try to find user with login: anna and password: 12anna
2019-04-20, 23:38:53,3853 [ WARN]  : LoginCommand.java, execute, 37 : Entering system with invalid data
2019-04-20, 23:38:54,3854 [ INFO]  : JDBCUserDao.java, findByLoginAndPassword, 89 : Try to find user with login: anna and password: 12anna
2019-04-20, 23:44:38,4438 [ WARN]  : LoginCommand.java, execute, 37 : Entering system with invalid data
2019-04-20, 23:44:38,4438 [ INFO]  : JDBCUserDao.java, findByLoginAndPassword, 89 : Try to find user with login: anna and password: 12anna
2019-04-21, 00:05:39,539 [ WARN]  : LoginCommand.java, execute, 37 : Entering system with invalid data
2019-04-21, 00:05:40,540 [ INFO]  : JDBCUserDao.java, findByLoginAndPassword, 89 : Try to find user with login: anna and password: 12anna
2019-04-21, 00:06:28,628 [ WARN]  : LoginCommand.java, execute, 37 : Entering system with invalid data
2019-04-21, 00:06:28,628 [ INFO]  : JDBCUserDao.java, findByLoginAndPassword, 89 : Try to find user with login: anna and password: 12anna
2019-04-21, 00:08:52,852 [ WARN]  : LoginCommand.java, execute, 37 : Entering system with invalid data
2019-04-21, 00:08:52,852 [ INFO]  : JDBCUserDao.java, findByLoginAndPassword, 89 : Try to find user with login: anna and password: 12anna
2019-04-21, 02:08:42,842 [ INFO]  : RegistrationCommand.java, execute, 31 : Try to register new user
2019-04-21, 02:08:42,842 [ WARN]  : RegistrationCommand.java, execute, 37 : Entering system with invalid data
2019-04-21, 02:09:28,928 [ INFO]  : RegistrationCommand.java, execute, 31 : Try to register new user
2019-04-21, 02:10:00,100 [ WARN]  : RegistrationCommand.java, execute, 37 : Entering system with invalid data
2019-04-21, 02:10:08,108 [ INFO]  : RegistrationCommand.java, execute, 31 : Try to register new user
2019-04-21, 02:11:31,1131 [ INFO]  : JDBCUserDao.java, findByLoginAndPassword, 89 : Try to find user with login: anna and password: 12anna
2019-04-21, 02:11:41,1141 [ WARN]  : RegistrationCommand.java, execute, 37 : Entering system with invalid data
2019-04-21, 02:11:58,1158 [ INFO]  : RegistrationCommand.java, execute, 31 : Try to register new user
2019-04-21, 02:47:43,4743 [ INFO]  : RegistrationCommand.java, execute, 31 : Try to register new user
2019-04-21, 02:49:19,4919 [ INFO]  : RegistrationCommand.java, execute, 31 : Try to register new user
2019-04-21, 02:50:49,5049 [ INFO]  : RegistrationCommand.java, execute, 31 : Try to register new user
2019-04-21, 02:53:56,5356 [ INFO]  : RegistrationCommand.java, execute, 31 : Try to register new user
2019-04-21, 02:54:21,5421 [ INFO]  : RegistrationCommand.java, execute, 31 : Try to register new user
2019-04-21, 02:54:42,5442 [ INFO]  : RegistrationCommand.java, execute, 31 : Try to register new user
2019-04-21, 02:54:59,5459 [ INFO]  : RegistrationCommand.java, execute, 31 : Try to register new user
2019-04-21, 02:59:10,5910 [ INFO]  : RegistrationCommand.java, execute, 31 : Try to register new user
2019-04-21, 03:00:01,01 [ INFO]  : RegistrationCommand.java, execute, 31 : Try to register new user
2019-04-21, 03:02:51,251 [ INFO]  : RegistrationCommand.java, execute, 31 : Try to register new user
2019-04-21, 03:02:51,251 [ERROR]  : RegistrationCommand.java, registerUser, 61 : Error registering new user
java.lang.Exception
	at ua.training.controller.commands.RegistrationCommand.registerUser(RegistrationCommand.java:55)
	at ua.training.controller.commands.RegistrationCommand.execute(RegistrationCommand.java:42)
	at ua.training.controller.commands.RegistrationCommandTest.executeNegativeDBRegistration(RegistrationCommandTest.java:79)
	at sun.reflect.NativeMethodAccessorImpl.invoke0(Native Method)
	at sun.reflect.NativeMethodAccessorImpl.invoke(NativeMethodAccessorImpl.java:62)
	at sun.reflect.DelegatingMethodAccessorImpl.invoke(DelegatingMethodAccessorImpl.java:43)
	at java.lang.reflect.Method.invoke(Method.java:498)
	at org.junit.internal.runners.TestMethod.invoke(TestMethod.java:68)
	at org.powermock.modules.junit4.internal.impl.PowerMockJUnit44RunnerDelegateImpl$PowerMockJUnit44MethodRunner.runTestMethod(PowerMockJUnit44RunnerDelegateImpl.java:316)
	at org.junit.internal.runners.MethodRoadie$2.run(MethodRoadie.java:89)
	at org.junit.internal.runners.MethodRoadie.runBeforesThenTestThenAfters(MethodRoadie.java:97)
	at org.powermock.modules.junit4.internal.impl.PowerMockJUnit44RunnerDelegateImpl$PowerMockJUnit44MethodRunner.executeTest(PowerMockJUnit44RunnerDelegateImpl.java:300)
	at org.powermock.modules.junit4.internal.impl.PowerMockJUnit47RunnerDelegateImpl$PowerMockJUnit47MethodRunner.executeTestInSuper(PowerMockJUnit47RunnerDelegateImpl.java:131)
	at org.powermock.modules.junit4.internal.impl.PowerMockJUnit47RunnerDelegateImpl$PowerMockJUnit47MethodRunner.access$100(PowerMockJUnit47RunnerDelegateImpl.java:59)
	at org.powermock.modules.junit4.internal.impl.PowerMockJUnit47RunnerDelegateImpl$PowerMockJUnit47MethodRunner$TestExecutorStatement.evaluate(PowerMockJUnit47RunnerDelegateImpl.java:147)
	at org.powermock.modules.junit4.internal.impl.PowerMockJUnit47RunnerDelegateImpl$PowerMockJUnit47MethodRunner.evaluateStatement(PowerMockJUnit47RunnerDelegateImpl.java:107)
	at org.powermock.modules.junit4.internal.impl.PowerMockJUnit47RunnerDelegateImpl$PowerMockJUnit47MethodRunner.executeTest(PowerMockJUnit47RunnerDelegateImpl.java:82)
	at org.powermock.modules.junit4.internal.impl.PowerMockJUnit44RunnerDelegateImpl$PowerMockJUnit44MethodRunner.runBeforesThenTestThenAfters(PowerMockJUnit44RunnerDelegateImpl.java:288)
	at org.junit.internal.runners.MethodRoadie.runTest(MethodRoadie.java:87)
	at org.junit.internal.runners.MethodRoadie.run(MethodRoadie.java:50)
	at org.powermock.modules.junit4.internal.impl.PowerMockJUnit44RunnerDelegateImpl.invokeTestMethod(PowerMockJUnit44RunnerDelegateImpl.java:208)
	at org.powermock.modules.junit4.internal.impl.PowerMockJUnit44RunnerDelegateImpl.runMethods(PowerMockJUnit44RunnerDelegateImpl.java:147)
	at org.powermock.modules.junit4.internal.impl.PowerMockJUnit44RunnerDelegateImpl$1.run(PowerMockJUnit44RunnerDelegateImpl.java:121)
	at org.junit.internal.runners.ClassRoadie.runUnprotected(ClassRoadie.java:34)
	at org.junit.internal.runners.ClassRoadie.runProtected(ClassRoadie.java:44)
	at org.powermock.modules.junit4.internal.impl.PowerMockJUnit44RunnerDelegateImpl.run(PowerMockJUnit44RunnerDelegateImpl.java:123)
	at org.powermock.modules.junit4.common.internal.impl.JUnit4TestSuiteChunkerImpl.run(JUnit4TestSuiteChunkerImpl.java:121)
	at org.powermock.modules.junit4.common.internal.impl.AbstractCommonPowerMockRunner.run(AbstractCommonPowerMockRunner.java:53)
	at org.powermock.modules.junit4.PowerMockRunner.run(PowerMockRunner.java:59)
	at org.junit.runner.JUnitCore.run(JUnitCore.java:137)
	at com.intellij.junit4.JUnit4IdeaTestRunner.startRunnerWithArgs(JUnit4IdeaTestRunner.java:68)
	at com.intellij.rt.execution.junit.IdeaTestRunner$Repeater.startRunnerWithArgs(IdeaTestRunner.java:47)
	at com.intellij.rt.execution.junit.JUnitStarter.prepareStreamsAndStart(JUnitStarter.java:242)
	at com.intellij.rt.execution.junit.JUnitStarter.main(JUnitStarter.java:70)
2019-04-21, 03:04:51,451 [ INFO]  : RegistrationCommand.java, execute, 31 : Try to register new user
2019-04-21, 03:04:51,451 [ WARN]  : RegistrationCommand.java, execute, 37 : Entering system with invalid data
2019-04-21, 03:07:09,79 [ INFO]  : RegistrationCommand.java, execute, 31 : Try to register new user
2019-04-21, 03:07:09,79 [ WARN]  : RegistrationCommand.java, execute, 37 : Entering system with invalid data
2019-04-21, 03:12:04,124 [ INFO]  : RegistrationCommand.java, execute, 31 : Try to register new user
2019-04-21, 03:12:04,124 [ WARN]  : RegistrationCommand.java, execute, 37 : Entering system with invalid data
2019-04-21, 03:13:03,133 [ INFO]  : RegistrationCommand.java, execute, 31 : Try to register new user
2019-04-21, 03:13:04,134 [ INFO]  : RegistrationCommand.java, execute, 31 : Try to register new user
2019-04-21, 03:13:04,134 [ERROR]  : RegistrationCommand.java, registerUser, 61 : Error registering new user
java.lang.Exception
	at ua.training.controller.commands.RegistrationCommand.registerUser(RegistrationCommand.java:55)
	at ua.training.controller.commands.RegistrationCommand.execute(RegistrationCommand.java:42)
	at ua.training.controller.commands.RegistrationCommandTest.executeNegativeDBRegistration(RegistrationCommandTest.java:78)
	at sun.reflect.NativeMethodAccessorImpl.invoke0(Native Method)
	at sun.reflect.NativeMethodAccessorImpl.invoke(NativeMethodAccessorImpl.java:62)
	at sun.reflect.DelegatingMethodAccessorImpl.invoke(DelegatingMethodAccessorImpl.java:43)
	at java.lang.reflect.Method.invoke(Method.java:498)
	at org.junit.internal.runners.TestMethod.invoke(TestMethod.java:68)
	at org.powermock.modules.junit4.internal.impl.PowerMockJUnit44RunnerDelegateImpl$PowerMockJUnit44MethodRunner.runTestMethod(PowerMockJUnit44RunnerDelegateImpl.java:316)
	at org.junit.internal.runners.MethodRoadie$2.run(MethodRoadie.java:89)
	at org.junit.internal.runners.MethodRoadie.runBeforesThenTestThenAfters(MethodRoadie.java:97)
	at org.powermock.modules.junit4.internal.impl.PowerMockJUnit44RunnerDelegateImpl$PowerMockJUnit44MethodRunner.executeTest(PowerMockJUnit44RunnerDelegateImpl.java:300)
	at org.powermock.modules.junit4.internal.impl.PowerMockJUnit47RunnerDelegateImpl$PowerMockJUnit47MethodRunner.executeTestInSuper(PowerMockJUnit47RunnerDelegateImpl.java:131)
	at org.powermock.modules.junit4.internal.impl.PowerMockJUnit47RunnerDelegateImpl$PowerMockJUnit47MethodRunner.access$100(PowerMockJUnit47RunnerDelegateImpl.java:59)
	at org.powermock.modules.junit4.internal.impl.PowerMockJUnit47RunnerDelegateImpl$PowerMockJUnit47MethodRunner$TestExecutorStatement.evaluate(PowerMockJUnit47RunnerDelegateImpl.java:147)
	at org.powermock.modules.junit4.internal.impl.PowerMockJUnit47RunnerDelegateImpl$PowerMockJUnit47MethodRunner.evaluateStatement(PowerMockJUnit47RunnerDelegateImpl.java:107)
	at org.powermock.modules.junit4.internal.impl.PowerMockJUnit47RunnerDelegateImpl$PowerMockJUnit47MethodRunner.executeTest(PowerMockJUnit47RunnerDelegateImpl.java:82)
	at org.powermock.modules.junit4.internal.impl.PowerMockJUnit44RunnerDelegateImpl$PowerMockJUnit44MethodRunner.runBeforesThenTestThenAfters(PowerMockJUnit44RunnerDelegateImpl.java:288)
	at org.junit.internal.runners.MethodRoadie.runTest(MethodRoadie.java:87)
	at org.junit.internal.runners.MethodRoadie.run(MethodRoadie.java:50)
	at org.powermock.modules.junit4.internal.impl.PowerMockJUnit44RunnerDelegateImpl.invokeTestMethod(PowerMockJUnit44RunnerDelegateImpl.java:208)
	at org.powermock.modules.junit4.internal.impl.PowerMockJUnit44RunnerDelegateImpl.runMethods(PowerMockJUnit44RunnerDelegateImpl.java:147)
	at org.powermock.modules.junit4.internal.impl.PowerMockJUnit44RunnerDelegateImpl$1.run(PowerMockJUnit44RunnerDelegateImpl.java:121)
	at org.junit.internal.runners.ClassRoadie.runUnprotected(ClassRoadie.java:34)
	at org.junit.internal.runners.ClassRoadie.runProtected(ClassRoadie.java:44)
	at org.powermock.modules.junit4.internal.impl.PowerMockJUnit44RunnerDelegateImpl.run(PowerMockJUnit44RunnerDelegateImpl.java:123)
	at org.powermock.modules.junit4.common.internal.impl.JUnit4TestSuiteChunkerImpl.run(JUnit4TestSuiteChunkerImpl.java:121)
	at org.powermock.modules.junit4.common.internal.impl.AbstractCommonPowerMockRunner.run(AbstractCommonPowerMockRunner.java:53)
	at org.powermock.modules.junit4.PowerMockRunner.run(PowerMockRunner.java:59)
	at org.junit.runner.JUnitCore.run(JUnitCore.java:137)
	at com.intellij.junit4.JUnit4IdeaTestRunner.startRunnerWithArgs(JUnit4IdeaTestRunner.java:68)
	at com.intellij.rt.execution.junit.IdeaTestRunner$Repeater.startRunnerWithArgs(IdeaTestRunner.java:47)
	at com.intellij.rt.execution.junit.JUnitStarter.prepareStreamsAndStart(JUnitStarter.java:242)
	at com.intellij.rt.execution.junit.JUnitStarter.main(JUnitStarter.java:70)
2019-04-21, 03:13:04,134 [ INFO]  : RegistrationCommand.java, execute, 31 : Try to register new user
2019-04-21, 03:13:04,134 [ WARN]  : RegistrationCommand.java, execute, 37 : Entering system with invalid data
